<?xml version="1.0" encoding="UTF-8"?>
<!-- Generated by org.testng.reporters.JUnitXMLReporter -->
<testsuite hostname="CXA-VN-L-0028.local" ignored="0" name="authentication" tests="4" failures="0" timestamp="2021-12-05T23:22:51 ICT" time="0.061" errors="0">
  <testcase name="loginCorrectCreds" time="0.001" classname="test.testng.LoginTest"/>
  <testcase name="loginInCorrectCreds" time="0.0" classname="test.testng.LoginTest"/>
  <testcase name="loginDemoTest" time="0.0" classname="test.testng.DemoTest"/>
  <testcase name="loginInCorrectDemoTest" time="0.0" classname="test.testng.DemoTest"/>
</testsuite> <!-- authentication -->
